<?xml version="1.0" encoding="UTF-8"?>
<Site BuildName="(empty)"
	BuildStamp="20230920-1343-Experimental"
	Name="(empty)"
	Generator="ctest-3.25.1"
	CompilerName=""
	CompilerVersion=""
	OSName="Linux"
	Hostname="c1a492c11cd7"
	OSRelease="6.2.0-31-generic"
	OSVersion="#31~22.04.1-Ubuntu SMP PREEMPT_DYNAMIC Wed Aug 16 13:45:26 UTC 2"
	OSPlatform="x86_64"
	Is64Bits="1"
	VendorString="GenuineIntel"
	VendorID="Intel Corporation"
	FamilyID="6"
	ModelID="158"
	ProcessorCacheSize="16384"
	NumberOfLogicalCPU="16"
	NumberOfPhysicalCPU="8"
	TotalVirtualMemory="62742"
	TotalPhysicalMemory="32000"
	LogicalProcessorsPerPhysical="2"
	ProcessorClockFrequency="3600.01"
	>
	<Testing>
		<StartDateTime>Sep 20 13:43</StartDateTime>
		<StartTestTime>1695217421</StartTestTime>
		<TestList/>
		<EndDateTime>Sep 20 13:43</EndDateTime>
		<EndTestTime>1695217421</EndTestTime>
		<ElapsedMinutes>0</ElapsedMinutes>
	</Testing>
</Site>
